[0.006s] Invoking command in '/home/garai/Desktop/tfg/build/alerion_sim': DEBUGINFOD_URLS=https://debuginfod.ubuntu.com /usr/bin/cmake /home/garai/Desktop/tfg -DROSIDL_GENERATOR_RS=OFF -DCMAKE_INSTALL_PREFIX=/home/garai/Desktop/tfg/install/alerion_sim
[0.049s] -- The C compiler identification is GNU 13.3.0
[0.095s] -- The CXX compiler identification is GNU 13.3.0
[0.107s] -- Detecting C compiler ABI info
[0.173s] -- Detecting C compiler ABI info - done
[0.181s] -- Check for working C compiler: /usr/bin/cc - skipped
[0.182s] -- Detecting C compile features
[0.182s] -- Detecting C compile features - done
[0.189s] -- Detecting CXX compiler ABI info
[0.264s] -- Detecting CXX compiler ABI info - done
[0.274s] -- Check for working CXX compiler: /usr/bin/c++ - skipped
[0.274s] -- Detecting CXX compile features
[0.275s] -- Detecting CXX compile features - done
[0.277s] -- Found ament_cmake: 2.5.6 (/opt/ros/jazzy/share/ament_cmake/cmake)
[0.406s] -- Found Python3: /usr/bin/python3 (found version "3.12.3") found components: Interpreter 
[0.566s] Error parsing '/home/garai/Desktop/tfg/package.xml':
[2.609s] Traceback (most recent call last):
[2.609s]   File "/opt/ros/jazzy/share/ament_cmake_core/cmake/core/package_xml_2_cmake.py", line 150, in <module>
[2.609s]     main()
[2.609s]   File "/opt/ros/jazzy/share/ament_cmake_core/cmake/core/package_xml_2_cmake.py", line 53, in main
[2.609s]     raise e
[2.609s]   File "/opt/ros/jazzy/share/ament_cmake_core/cmake/core/package_xml_2_cmake.py", line 49, in main
[2.609s]     package = parse_package_string(
[2.609s]               ^^^^^^^^^^^^^^^^^^^^^
[2.609s]   File "/usr/lib/python3/dist-packages/catkin_pkg/package.py", line 788, in parse_package_string
[2.609s]     pkg.validate(warnings=warnings)
[2.610s]   File "/usr/lib/python3/dist-packages/catkin_pkg/package.py", line 330, in validate
[2.610s]     raise InvalidPackage('\n'.join(errors), self.filename)
[2.610s] catkin_pkg.package.InvalidPackage: Error(s) in package '/home/garai/Desktop/tfg/package.xml':
[2.610s] Package 'alerion_sim' must declare at least one maintainer
[2.648s] CMake Error at /opt/ros/jazzy/share/ament_cmake_core/cmake/core/ament_package_xml.cmake:95 (message):
[2.648s]   execute_process(/usr/bin/python3
[2.649s]   /opt/ros/jazzy/share/ament_cmake_core/cmake/core/package_xml_2_cmake.py
[2.649s]   /home/garai/Desktop/tfg/package.xml
[2.649s]   /home/garai/Desktop/tfg/build/alerion_sim/ament_cmake_core/package.cmake)
[2.649s]   returned error code 1
[2.649s] Call Stack (most recent call first):
[2.649s]   /opt/ros/jazzy/share/ament_cmake_core/cmake/core/ament_package_xml.cmake:49 (_ament_package_xml)
[2.649s]   /opt/ros/jazzy/share/ament_cmake_core/cmake/core/ament_package.cmake:63 (ament_package_xml)
[2.649s]   CMakeLists.txt:16 (ament_package)
[2.649s] 
[2.649s] 
[2.649s] -- Configuring incomplete, errors occurred!
[2.652s] Invoked command in '/home/garai/Desktop/tfg/build/alerion_sim' returned '1': DEBUGINFOD_URLS=https://debuginfod.ubuntu.com /usr/bin/cmake /home/garai/Desktop/tfg -DROSIDL_GENERATOR_RS=OFF -DCMAKE_INSTALL_PREFIX=/home/garai/Desktop/tfg/install/alerion_sim
