[0.094s] DEBUG:colcon:Command line arguments: ['/usr/bin/colcon', 'build', '--symlink-install', '--packages-select', 'alerion_sim']
[0.094s] DEBUG:colcon:Parsed command line arguments: Namespace(log_base=None, log_level=None, verb_name='build', build_base='build', install_base='install', merge_install=False, symlink_install=True, test_result_base=None, continue_on_error=False, executor='parallel', parallel_workers=8, event_handlers=None, ignore_user_meta=False, metas=['./colcon.meta'], base_paths=['.'], packages_ignore=None, packages_ignore_regex=None, paths=None, packages_up_to=None, packages_up_to_regex=None, packages_above=None, packages_above_and_dependencies=None, packages_above_depth=None, packages_select_by_dep=None, packages_skip_by_dep=None, packages_skip_up_to=None, packages_select_build_failed=False, packages_skip_build_finished=False, packages_select_test_failures=False, packages_skip_test_passed=False, packages_select=['alerion_sim'], packages_skip=None, packages_select_regex=None, packages_skip_regex=None, packages_start=None, packages_end=None, allow_overriding=[], cmake_args=None, cmake_target=None, cmake_target_skip_unavailable=False, cmake_clean_cache=False, cmake_clean_first=False, cmake_force_configure=False, ament_cmake_args=None, catkin_cmake_args=None, catkin_skip_building_tests=False, mixin_files=None, mixin=None, verb_parser=<colcon_mixin.mixin.mixin_argument.MixinArgumentDecorator object at 0x7289515aaf30>, verb_extension=<colcon_core.verb.build.BuildVerb object at 0x728951c433b0>, main=<bound method BuildVerb.main of <colcon_core.verb.build.BuildVerb object at 0x728951c433b0>>, mixin_verb=('build',))
[0.125s] Level 1:colcon.colcon_core.package_discovery:discover_packages(colcon_meta) check parameters
[0.125s] Level 1:colcon.colcon_core.package_discovery:discover_packages(recursive) check parameters
[0.125s] Level 1:colcon.colcon_core.package_discovery:discover_packages(ignore) check parameters
[0.125s] Level 1:colcon.colcon_core.package_discovery:discover_packages(path) check parameters
[0.125s] Level 1:colcon.colcon_core.package_discovery:discover_packages(colcon_meta) discover
[0.125s] Level 1:colcon.colcon_core.package_discovery:discover_packages(recursive) discover
[0.125s] INFO:colcon.colcon_core.package_discovery:Crawling recursively for packages in '/home/garai/Desktop/alerion_sim'
[0.126s] Level 1:colcon.colcon_core.package_identification:_identify(.) by extensions ['ignore', 'ignore_ament_install']
[0.126s] Level 1:colcon.colcon_core.package_identification:_identify(.) by extension 'ignore'
[0.126s] Level 1:colcon.colcon_core.package_identification:_identify(.) by extension 'ignore_ament_install'
[0.126s] Level 1:colcon.colcon_core.package_identification:_identify(.) by extensions ['colcon_pkg']
[0.126s] Level 1:colcon.colcon_core.package_identification:_identify(.) by extension 'colcon_pkg'
[0.126s] Level 1:colcon.colcon_core.package_identification:_identify(.) by extensions ['colcon_meta']
[0.126s] Level 1:colcon.colcon_core.package_identification:_identify(.) by extension 'colcon_meta'
[0.126s] Level 1:colcon.colcon_core.package_identification:_identify(.) by extensions ['ros']
[0.126s] Level 1:colcon.colcon_core.package_identification:_identify(.) by extension 'ros'
[0.146s] Level 1:colcon.colcon_core.package_identification:_identify(.) by extensions ['cmake', 'python']
[0.147s] Level 1:colcon.colcon_core.package_identification:_identify(.) by extension 'cmake'
[0.147s] Level 1:colcon.colcon_core.package_identification:_identify(.) by extension 'python'
[0.147s] Level 1:colcon.colcon_core.package_identification:_identify(.) by extensions ['python_setup_py']
[0.147s] Level 1:colcon.colcon_core.package_identification:_identify(.) by extension 'python_setup_py'
[0.147s] Level 1:colcon.colcon_core.package_identification:_identify(alerion_sim) by extensions ['ignore', 'ignore_ament_install']
[0.147s] Level 1:colcon.colcon_core.package_identification:_identify(alerion_sim) by extension 'ignore'
[0.147s] Level 1:colcon.colcon_core.package_identification:_identify(alerion_sim) by extension 'ignore_ament_install'
[0.147s] Level 1:colcon.colcon_core.package_identification:_identify(alerion_sim) by extensions ['colcon_pkg']
[0.147s] Level 1:colcon.colcon_core.package_identification:_identify(alerion_sim) by extension 'colcon_pkg'
[0.147s] Level 1:colcon.colcon_core.package_identification:_identify(alerion_sim) by extensions ['colcon_meta']
[0.147s] Level 1:colcon.colcon_core.package_identification:_identify(alerion_sim) by extension 'colcon_meta'
[0.147s] Level 1:colcon.colcon_core.package_identification:_identify(alerion_sim) by extensions ['ros']
[0.147s] Level 1:colcon.colcon_core.package_identification:_identify(alerion_sim) by extension 'ros'
[0.149s] DEBUG:colcon.colcon_core.package_identification:Package 'alerion_sim' with type 'ros.ament_cmake' and name 'alerion_sim'
[0.149s] Level 1:colcon.colcon_core.package_identification:_identify(build) by extensions ['ignore', 'ignore_ament_install']
[0.149s] Level 1:colcon.colcon_core.package_identification:_identify(build) by extension 'ignore'
[0.149s] Level 1:colcon.colcon_core.package_identification:_identify(build) ignored
[0.149s] Level 1:colcon.colcon_core.package_identification:_identify(install) by extensions ['ignore', 'ignore_ament_install']
[0.149s] Level 1:colcon.colcon_core.package_identification:_identify(install) by extension 'ignore'
[0.149s] Level 1:colcon.colcon_core.package_identification:_identify(install) ignored
[0.149s] Level 1:colcon.colcon_core.package_identification:_identify(log) by extensions ['ignore', 'ignore_ament_install']
[0.149s] Level 1:colcon.colcon_core.package_identification:_identify(log) by extension 'ignore'
[0.150s] Level 1:colcon.colcon_core.package_identification:_identify(log) ignored
[0.150s] Level 1:colcon.colcon_core.package_discovery:discover_packages(recursive) using defaults
[0.150s] Level 1:colcon.colcon_core.package_discovery:discover_packages(ignore) discover
[0.150s] Level 1:colcon.colcon_core.package_discovery:discover_packages(ignore) using defaults
[0.150s] Level 1:colcon.colcon_core.package_discovery:discover_packages(path) discover
[0.150s] Level 1:colcon.colcon_core.package_discovery:discover_packages(path) using defaults
[0.164s] Level 1:colcon.colcon_core.package_discovery:discover_packages(prefix_path) check parameters
[0.164s] Level 1:colcon.colcon_core.package_discovery:discover_packages(prefix_path) discover
[0.165s] DEBUG:colcon.colcon_installed_package_information.package_discovery:Found 0 installed packages in /home/garai/Desktop/alerion_sim/install
[0.165s] DEBUG:colcon.colcon_installed_package_information.package_discovery:Found 2 installed packages in /home/garai/ros2_ws/install
[0.166s] DEBUG:colcon.colcon_installed_package_information.package_discovery:Found 318 installed packages in /opt/ros/jazzy
[0.167s] Level 1:colcon.colcon_core.package_discovery:discover_packages(prefix_path) using defaults
[0.206s] Level 5:colcon.colcon_core.verb:set package 'alerion_sim' build argument 'cmake_args' from command line to 'None'
[0.206s] Level 5:colcon.colcon_core.verb:set package 'alerion_sim' build argument 'cmake_target' from command line to 'None'
[0.206s] Level 5:colcon.colcon_core.verb:set package 'alerion_sim' build argument 'cmake_target_skip_unavailable' from command line to 'False'
[0.206s] Level 5:colcon.colcon_core.verb:set package 'alerion_sim' build argument 'cmake_clean_cache' from command line to 'False'
[0.206s] Level 5:colcon.colcon_core.verb:set package 'alerion_sim' build argument 'cmake_clean_first' from command line to 'False'
[0.206s] Level 5:colcon.colcon_core.verb:set package 'alerion_sim' build argument 'cmake_force_configure' from command line to 'False'
[0.206s] Level 5:colcon.colcon_core.verb:set package 'alerion_sim' build argument 'ament_cmake_args' from command line to 'None'
[0.206s] Level 5:colcon.colcon_core.verb:set package 'alerion_sim' build argument 'catkin_cmake_args' from command line to 'None'
[0.206s] Level 5:colcon.colcon_core.verb:set package 'alerion_sim' build argument 'catkin_skip_building_tests' from command line to 'False'
[0.206s] DEBUG:colcon.colcon_core.verb:Building package 'alerion_sim' with the following arguments: {'ament_cmake_args': None, 'build_base': '/home/garai/Desktop/alerion_sim/build/alerion_sim', 'catkin_cmake_args': None, 'catkin_skip_building_tests': False, 'cmake_args': None, 'cmake_clean_cache': False, 'cmake_clean_first': False, 'cmake_force_configure': False, 'cmake_target': None, 'cmake_target_skip_unavailable': False, 'install_base': '/home/garai/Desktop/alerion_sim/install/alerion_sim', 'merge_install': False, 'path': '/home/garai/Desktop/alerion_sim/alerion_sim', 'symlink_install': True, 'test_result_base': None}
[0.206s] INFO:colcon.colcon_core.executor:Executing jobs using 'parallel' executor
[0.207s] DEBUG:colcon.colcon_parallel_executor.executor.parallel:run_until_complete
[0.207s] INFO:colcon.colcon_ros.task.ament_cmake.build:Building ROS package in '/home/garai/Desktop/alerion_sim/alerion_sim' with build type 'ament_cmake'
[0.207s] INFO:colcon.colcon_cmake.task.cmake.build:Building CMake package in '/home/garai/Desktop/alerion_sim/alerion_sim'
[0.208s] INFO:colcon.colcon_core.plugin_system:Skipping extension 'colcon_core.shell.bat': Not used on non-Windows systems
[0.209s] INFO:colcon.colcon_core.shell:Skip shell extension 'powershell' for command environment: Not usable outside of PowerShell
[0.209s] DEBUG:colcon.colcon_core.shell:Skip shell extension 'dsv' for command environment
[0.215s] DEBUG:colcon.colcon_core.event_handler.log_command:Invoking command in '/home/garai/Desktop/alerion_sim/build/alerion_sim': CMAKE_PREFIX_PATH=${CMAKE_PREFIX_PATH}:/opt/ros/jazzy DEBUGINFOD_URLS=https://debuginfod.ubuntu.com /usr/bin/cmake /home/garai/Desktop/alerion_sim/alerion_sim -DAMENT_CMAKE_SYMLINK_INSTALL=1 -DCMAKE_INSTALL_PREFIX=/home/garai/Desktop/alerion_sim/install/alerion_sim
[0.901s] DEBUG:colcon.colcon_core.event_handler.log_command:Invoked command in '/home/garai/Desktop/alerion_sim/build/alerion_sim' returned '0': CMAKE_PREFIX_PATH=${CMAKE_PREFIX_PATH}:/opt/ros/jazzy DEBUGINFOD_URLS=https://debuginfod.ubuntu.com /usr/bin/cmake /home/garai/Desktop/alerion_sim/alerion_sim -DAMENT_CMAKE_SYMLINK_INSTALL=1 -DCMAKE_INSTALL_PREFIX=/home/garai/Desktop/alerion_sim/install/alerion_sim
[0.902s] DEBUG:colcon.colcon_core.event_handler.log_command:Invoking command in '/home/garai/Desktop/alerion_sim/build/alerion_sim': CMAKE_PREFIX_PATH=${CMAKE_PREFIX_PATH}:/opt/ros/jazzy DEBUGINFOD_URLS=https://debuginfod.ubuntu.com /usr/bin/cmake --build /home/garai/Desktop/alerion_sim/build/alerion_sim -- -j8 -l8
[0.933s] DEBUG:colcon.colcon_core.event_handler.log_command:Invoked command in '/home/garai/Desktop/alerion_sim/build/alerion_sim' returned '0': CMAKE_PREFIX_PATH=${CMAKE_PREFIX_PATH}:/opt/ros/jazzy DEBUGINFOD_URLS=https://debuginfod.ubuntu.com /usr/bin/cmake --build /home/garai/Desktop/alerion_sim/build/alerion_sim -- -j8 -l8
[0.940s] DEBUG:colcon.colcon_core.event_handler.log_command:Invoking command in '/home/garai/Desktop/alerion_sim/build/alerion_sim': CMAKE_PREFIX_PATH=${CMAKE_PREFIX_PATH}:/opt/ros/jazzy DEBUGINFOD_URLS=https://debuginfod.ubuntu.com /usr/bin/cmake --install /home/garai/Desktop/alerion_sim/build/alerion_sim
[1.261s] Level 1:colcon.colcon_core.environment:create_environment_scripts_only(alerion_sim)
[1.261s] DEBUG:colcon.colcon_core.event_handler.log_command:Invoked command in '/home/garai/Desktop/alerion_sim/build/alerion_sim' returned '0': CMAKE_PREFIX_PATH=${CMAKE_PREFIX_PATH}:/opt/ros/jazzy DEBUGINFOD_URLS=https://debuginfod.ubuntu.com /usr/bin/cmake --install /home/garai/Desktop/alerion_sim/build/alerion_sim
[1.263s] Level 1:colcon.colcon_core.environment:checking '/home/garai/Desktop/alerion_sim/install/alerion_sim' for CMake module files
[1.263s] Level 1:colcon.colcon_core.environment:checking '/home/garai/Desktop/alerion_sim/install/alerion_sim' for CMake config files
[1.264s] Level 1:colcon.colcon_core.shell:create_environment_hook('alerion_sim', 'cmake_prefix_path')
[1.264s] INFO:colcon.colcon_core.shell:Creating environment hook '/home/garai/Desktop/alerion_sim/install/alerion_sim/share/alerion_sim/hook/cmake_prefix_path.ps1'
[1.269s] INFO:colcon.colcon_core.shell:Creating environment descriptor '/home/garai/Desktop/alerion_sim/install/alerion_sim/share/alerion_sim/hook/cmake_prefix_path.dsv'
[1.269s] INFO:colcon.colcon_core.shell:Creating environment hook '/home/garai/Desktop/alerion_sim/install/alerion_sim/share/alerion_sim/hook/cmake_prefix_path.sh'
[1.270s] Level 1:colcon.colcon_core.environment:checking '/home/garai/Desktop/alerion_sim/install/alerion_sim/lib'
[1.270s] Level 1:colcon.colcon_core.environment:checking '/home/garai/Desktop/alerion_sim/install/alerion_sim/bin'
[1.270s] Level 1:colcon.colcon_core.environment:checking '/home/garai/Desktop/alerion_sim/install/alerion_sim/lib/pkgconfig/alerion_sim.pc'
[1.271s] Level 1:colcon.colcon_core.environment:checking '/home/garai/Desktop/alerion_sim/install/alerion_sim/lib/python3.12/site-packages'
[1.271s] Level 1:colcon.colcon_core.environment:checking '/home/garai/Desktop/alerion_sim/install/alerion_sim/bin'
[1.271s] INFO:colcon.colcon_core.shell:Creating package script '/home/garai/Desktop/alerion_sim/install/alerion_sim/share/alerion_sim/package.ps1'
[1.272s] INFO:colcon.colcon_core.shell:Creating package descriptor '/home/garai/Desktop/alerion_sim/install/alerion_sim/share/alerion_sim/package.dsv'
[1.272s] INFO:colcon.colcon_core.shell:Creating package script '/home/garai/Desktop/alerion_sim/install/alerion_sim/share/alerion_sim/package.sh'
[1.273s] INFO:colcon.colcon_core.shell:Creating package script '/home/garai/Desktop/alerion_sim/install/alerion_sim/share/alerion_sim/package.bash'
[1.273s] INFO:colcon.colcon_core.shell:Creating package script '/home/garai/Desktop/alerion_sim/install/alerion_sim/share/alerion_sim/package.zsh'
[1.273s] Level 1:colcon.colcon_core.environment:create_file_with_runtime_dependencies(/home/garai/Desktop/alerion_sim/install/alerion_sim/share/colcon-core/packages/alerion_sim)
[1.274s] Level 1:colcon.colcon_core.environment:create_environment_scripts_only(alerion_sim)
[1.274s] Level 1:colcon.colcon_core.environment:checking '/home/garai/Desktop/alerion_sim/install/alerion_sim' for CMake module files
[1.275s] Level 1:colcon.colcon_core.environment:checking '/home/garai/Desktop/alerion_sim/install/alerion_sim' for CMake config files
[1.275s] Level 1:colcon.colcon_core.shell:create_environment_hook('alerion_sim', 'cmake_prefix_path')
[1.275s] INFO:colcon.colcon_core.shell:Creating environment hook '/home/garai/Desktop/alerion_sim/install/alerion_sim/share/alerion_sim/hook/cmake_prefix_path.ps1'
[1.275s] INFO:colcon.colcon_core.shell:Creating environment descriptor '/home/garai/Desktop/alerion_sim/install/alerion_sim/share/alerion_sim/hook/cmake_prefix_path.dsv'
[1.276s] INFO:colcon.colcon_core.shell:Creating environment hook '/home/garai/Desktop/alerion_sim/install/alerion_sim/share/alerion_sim/hook/cmake_prefix_path.sh'
[1.276s] Level 1:colcon.colcon_core.environment:checking '/home/garai/Desktop/alerion_sim/install/alerion_sim/lib'
[1.276s] Level 1:colcon.colcon_core.environment:checking '/home/garai/Desktop/alerion_sim/install/alerion_sim/bin'
[1.276s] Level 1:colcon.colcon_core.environment:checking '/home/garai/Desktop/alerion_sim/install/alerion_sim/lib/pkgconfig/alerion_sim.pc'
[1.276s] Level 1:colcon.colcon_core.environment:checking '/home/garai/Desktop/alerion_sim/install/alerion_sim/lib/python3.12/site-packages'
[1.277s] Level 1:colcon.colcon_core.environment:checking '/home/garai/Desktop/alerion_sim/install/alerion_sim/bin'
[1.277s] INFO:colcon.colcon_core.shell:Creating package script '/home/garai/Desktop/alerion_sim/install/alerion_sim/share/alerion_sim/package.ps1'
[1.277s] INFO:colcon.colcon_core.shell:Creating package descriptor '/home/garai/Desktop/alerion_sim/install/alerion_sim/share/alerion_sim/package.dsv'
[1.278s] INFO:colcon.colcon_core.shell:Creating package script '/home/garai/Desktop/alerion_sim/install/alerion_sim/share/alerion_sim/package.sh'
[1.278s] INFO:colcon.colcon_core.shell:Creating package script '/home/garai/Desktop/alerion_sim/install/alerion_sim/share/alerion_sim/package.bash'
[1.278s] INFO:colcon.colcon_core.shell:Creating package script '/home/garai/Desktop/alerion_sim/install/alerion_sim/share/alerion_sim/package.zsh'
[1.279s] Level 1:colcon.colcon_core.environment:create_file_with_runtime_dependencies(/home/garai/Desktop/alerion_sim/install/alerion_sim/share/colcon-core/packages/alerion_sim)
[1.279s] DEBUG:colcon.colcon_parallel_executor.executor.parallel:closing loop
[1.279s] DEBUG:colcon.colcon_parallel_executor.executor.parallel:loop closed
[1.279s] DEBUG:colcon.colcon_parallel_executor.executor.parallel:run_until_complete finished with '0'
[1.279s] DEBUG:colcon.colcon_core.event_reactor:joining thread
[1.285s] INFO:colcon.colcon_core.plugin_system:Skipping extension 'colcon_notification.desktop_notification.terminal_notifier': Not used on non-Darwin systems
[1.285s] INFO:colcon.colcon_core.plugin_system:Skipping extension 'colcon_notification.desktop_notification.win32': Not used on non-Windows systems
[1.285s] INFO:colcon.colcon_notification.desktop_notification:Sending desktop notification using 'notify2'
[1.294s] DEBUG:colcon.colcon_core.event_reactor:joined thread
[1.294s] INFO:colcon.colcon_core.shell:Creating prefix script '/home/garai/Desktop/alerion_sim/install/local_setup.ps1'
[1.295s] INFO:colcon.colcon_core.shell:Creating prefix util module '/home/garai/Desktop/alerion_sim/install/_local_setup_util_ps1.py'
[1.296s] INFO:colcon.colcon_core.shell:Creating prefix chain script '/home/garai/Desktop/alerion_sim/install/setup.ps1'
[1.297s] INFO:colcon.colcon_core.shell:Creating prefix script '/home/garai/Desktop/alerion_sim/install/local_setup.sh'
[1.297s] INFO:colcon.colcon_core.shell:Creating prefix util module '/home/garai/Desktop/alerion_sim/install/_local_setup_util_sh.py'
[1.298s] INFO:colcon.colcon_core.shell:Creating prefix chain script '/home/garai/Desktop/alerion_sim/install/setup.sh'
[1.298s] INFO:colcon.colcon_core.shell:Creating prefix script '/home/garai/Desktop/alerion_sim/install/local_setup.bash'
[1.299s] INFO:colcon.colcon_core.shell:Creating prefix chain script '/home/garai/Desktop/alerion_sim/install/setup.bash'
[1.299s] INFO:colcon.colcon_core.shell:Creating prefix script '/home/garai/Desktop/alerion_sim/install/local_setup.zsh'
[1.300s] INFO:colcon.colcon_core.shell:Creating prefix chain script '/home/garai/Desktop/alerion_sim/install/setup.zsh'
