[0.005s] Invoking command in '/home/garai/Desktop/alerion_sim/build/alerion_sim': DEBUGINFOD_URLS=https://debuginfod.ubuntu.com /usr/bin/cmake /home/garai/Desktop/alerion_sim/alerion_sim -DCMAKE_INSTALL_PREFIX=/home/garai/Desktop/alerion_sim/install/alerion_sim
[0.015s] -- Found ament_cmake: 2.5.6 (/opt/ros/jazzy/share/ament_cmake/cmake)
[1.828s] Traceback (most recent call last):
[1.828s]   File "/opt/ros/jazzy/share/ament_cmake_core/cmake/package_templates/templates_2_cmake.py", line 21, in <module>
[1.828s]     from ament_package.templates import get_environment_hook_template_path
[1.828s] ModuleNotFoundError: No module named 'ament_package'
[1.854s] CMake Error at /opt/ros/jazzy/share/ament_cmake_core/cmake/ament_cmake_package_templates-extras.cmake:41 (message):
[1.854s]   execute_process(/usr/bin/python3
[1.854s]   /opt/ros/jazzy/share/ament_cmake_core/cmake/package_templates/templates_2_cmake.py
[1.855s]   /home/garai/Desktop/alerion_sim/build/alerion_sim/ament_cmake_package_templates/templates.cmake)
[1.855s]   returned error code 1
[1.855s] Call Stack (most recent call first):
[1.855s]   /opt/ros/jazzy/share/ament_cmake_core/cmake/ament_cmake_coreConfig.cmake:41 (include)
[1.855s]   /opt/ros/jazzy/share/ament_cmake/cmake/ament_cmake_export_dependencies-extras.cmake:15 (find_package)
[1.855s]   /opt/ros/jazzy/share/ament_cmake/cmake/ament_cmakeConfig.cmake:41 (include)
[1.855s]   CMakeLists.txt:4 (find_package)
[1.855s] 
[1.855s] 
[1.855s] -- Configuring incomplete, errors occurred!
[1.856s] Invoked command in '/home/garai/Desktop/alerion_sim/build/alerion_sim' returned '1': DEBUGINFOD_URLS=https://debuginfod.ubuntu.com /usr/bin/cmake /home/garai/Desktop/alerion_sim/alerion_sim -DCMAKE_INSTALL_PREFIX=/home/garai/Desktop/alerion_sim/install/alerion_sim
