-- Found ament_cmake: 2.5.6 (/opt/ros/jazzy/share/ament_cmake/cmake)
-- Override CMake install command with custom implementation using symlinks instead of copying resources
-- Configuring done (0.3s)
-- Generating done (0.0s)
-- Build files have been written to: /home/garai/Desktop/alerion_sim/build/alerion_sim
-- Install configuration: ""
-- Execute custom install script
-- Symlinking: /home/garai/Desktop/alerion_sim/install/alerion_sim/share/alerion_sim/launch/__pycache__/simulation.launch.cpython-312.pyc
-- Symlinking: /home/garai/Desktop/alerion_sim/install/alerion_sim/share/alerion_sim/launch/__pycache__/validation.launch.cpython-312.pyc
-- Up-to-date symlink: /home/garai/Desktop/alerion_sim/install/alerion_sim/share/alerion_sim/launch/simulation.launch.py
-- Up-to-date symlink: /home/garai/Desktop/alerion_sim/install/alerion_sim/share/alerion_sim/launch/validation.launch.py
-- Up-to-date symlink: /home/garai/Desktop/alerion_sim/install/alerion_sim/share/alerion_sim/config/levels/development.yaml
-- Up-to-date symlink: /home/garai/Desktop/alerion_sim/install/alerion_sim/share/alerion_sim/config/levels/full.yaml
-- Up-to-date symlink: /home/garai/Desktop/alerion_sim/install/alerion_sim/share/alerion_sim/config/levels/minimal.yaml
-- Up-to-date symlink: /home/garai/Desktop/alerion_sim/install/alerion_sim/share/alerion_sim/config/profiles/hard_vision.yaml
-- Up-to-date symlink: /home/garai/Desktop/alerion_sim/install/alerion_sim/share/alerion_sim/config/sensors/camera.yaml
-- Up-to-date symlink: /home/garai/Desktop/alerion_sim/install/alerion_sim/share/alerion_sim/config/sensors/lidar.yaml
-- Up-to-date symlink: /home/garai/Desktop/alerion_sim/install/alerion_sim/share/alerion_sim/config/simulation.yaml
-- Up-to-date symlink: /home/garai/Desktop/alerion_sim/install/alerion_sim/share/alerion_sim/config/validation.yaml
-- Up-to-date symlink: /home/garai/Desktop/alerion_sim/install/alerion_sim/share/alerion_sim/config/vehicle/x500.yaml
-- Up-to-date symlink: /home/garai/Desktop/alerion_sim/install/alerion_sim/share/alerion_sim/models/Warehouse/meshes/Asphalt010_1K_Color.jpg
-- Up-to-date symlink: /home/garai/Desktop/alerion_sim/install/alerion_sim/share/alerion_sim/models/Warehouse/meshes/Rough_Square_Concrete_Block.jpg
-- Up-to-date symlink: /home/garai/Desktop/alerion_sim/install/alerion_sim/share/alerion_sim/models/Warehouse/meshes/Tape001_1K_Color.png
-- Up-to-date symlink: /home/garai/Desktop/alerion_sim/install/alerion_sim/share/alerion_sim/models/Warehouse/meshes/Terrazzo005_1K_Color.jpg
-- Up-to-date symlink: /home/garai/Desktop/alerion_sim/install/alerion_sim/share/alerion_sim/models/Warehouse/meshes/ground.png
-- Up-to-date symlink: /home/garai/Desktop/alerion_sim/install/alerion_sim/share/alerion_sim/models/Warehouse/meshes/warehouse.dae
-- Up-to-date symlink: /home/garai/Desktop/alerion_sim/install/alerion_sim/share/alerion_sim/models/Warehouse/meshes/warehouse_colision.stl
-- Up-to-date symlink: /home/garai/Desktop/alerion_sim/install/alerion_sim/share/alerion_sim/models/Warehouse/model.config
-- Up-to-date symlink: /home/garai/Desktop/alerion_sim/install/alerion_sim/share/alerion_sim/models/Warehouse/model.sdf
-- Up-to-date symlink: /home/garai/Desktop/alerion_sim/install/alerion_sim/share/alerion_sim/models/Warehouse/thumbnails/1.png
-- Up-to-date symlink: /home/garai/Desktop/alerion_sim/install/alerion_sim/share/alerion_sim/models/Warehouse/thumbnails/2.png
-- Up-to-date symlink: /home/garai/Desktop/alerion_sim/install/alerion_sim/share/alerion_sim/models/Warehouse/thumbnails/3.png
-- Up-to-date symlink: /home/garai/Desktop/alerion_sim/install/alerion_sim/share/alerion_sim/models/Warehouse/thumbnails/4.png
-- Up-to-date symlink: /home/garai/Desktop/alerion_sim/install/alerion_sim/share/alerion_sim/models/x500_inspection/model.sdf.jinja
-- Up-to-date symlink: /home/garai/Desktop/alerion_sim/install/alerion_sim/share/alerion_sim/worlds/inspection.sdf.j2
-- Up-to-date symlink: /home/garai/Desktop/alerion_sim/install/alerion_sim/share/ament_index/resource_index/package_run_dependencies/alerion_sim
-- Up-to-date symlink: /home/garai/Desktop/alerion_sim/install/alerion_sim/share/ament_index/resource_index/parent_prefix_path/alerion_sim
-- Up-to-date symlink: /home/garai/Desktop/alerion_sim/install/alerion_sim/share/alerion_sim/environment/ament_prefix_path.sh
-- Up-to-date symlink: /home/garai/Desktop/alerion_sim/install/alerion_sim/share/alerion_sim/environment/ament_prefix_path.dsv
-- Up-to-date symlink: /home/garai/Desktop/alerion_sim/install/alerion_sim/share/alerion_sim/environment/path.sh
-- Up-to-date symlink: /home/garai/Desktop/alerion_sim/install/alerion_sim/share/alerion_sim/environment/path.dsv
-- Up-to-date symlink: /home/garai/Desktop/alerion_sim/install/alerion_sim/share/alerion_sim/local_setup.bash
-- Up-to-date symlink: /home/garai/Desktop/alerion_sim/install/alerion_sim/share/alerion_sim/local_setup.sh
-- Up-to-date symlink: /home/garai/Desktop/alerion_sim/install/alerion_sim/share/alerion_sim/local_setup.zsh
-- Up-to-date symlink: /home/garai/Desktop/alerion_sim/install/alerion_sim/share/alerion_sim/local_setup.dsv
-- Symlinking: /home/garai/Desktop/alerion_sim/install/alerion_sim/share/alerion_sim/package.dsv
-- Up-to-date symlink: /home/garai/Desktop/alerion_sim/install/alerion_sim/share/ament_index/resource_index/packages/alerion_sim
-- Up-to-date symlink: /home/garai/Desktop/alerion_sim/install/alerion_sim/share/alerion_sim/cmake/alerion_simConfig.cmake
-- Up-to-date symlink: /home/garai/Desktop/alerion_sim/install/alerion_sim/share/alerion_sim/cmake/alerion_simConfig-version.cmake
-- Up-to-date symlink: /home/garai/Desktop/alerion_sim/install/alerion_sim/share/alerion_sim/package.xml
-- Installing: /home/garai/Desktop/alerion_sim/install/alerion_sim/lib/alerion_sim/validation_node
-- Up-to-date: /home/garai/Desktop/alerion_sim/install/alerion_sim/lib/alerion_sim/gimbal_controller
-- Up-to-date: /home/garai/Desktop/alerion_sim/install/alerion_sim/lib/alerion_sim/wind_turbulence
-- Up-to-date: /home/garai/Desktop/alerion_sim/install/alerion_sim/lib/alerion_sim/camera_distortion
