[0.006s] Invoking command in '/home/garai/Desktop/alerion_sim/build/alerion_sim': CMAKE_PREFIX_PATH=${CMAKE_PREFIX_PATH}:/opt/ros/jazzy DEBUGINFOD_URLS=https://debuginfod.ubuntu.com /usr/bin/cmake /home/garai/Desktop/alerion_sim/alerion_sim -DCMAKE_INSTALL_PREFIX=/home/garai/Desktop/alerion_sim/install/alerion_sim
[0.017s] -- Found ament_cmake: 2.5.6 (/opt/ros/jazzy/share/ament_cmake/cmake)
[0.204s] -- Override CMake install command with custom implementation using symlinks instead of copying resources
[0.303s] -- Configuring done (0.3s)
[0.310s] -- Generating done (0.0s)
[0.312s] -- Build files have been written to: /home/garai/Desktop/alerion_sim/build/alerion_sim
[0.314s] Invoked command in '/home/garai/Desktop/alerion_sim/build/alerion_sim' returned '0': CMAKE_PREFIX_PATH=${CMAKE_PREFIX_PATH}:/opt/ros/jazzy DEBUGINFOD_URLS=https://debuginfod.ubuntu.com /usr/bin/cmake /home/garai/Desktop/alerion_sim/alerion_sim -DCMAKE_INSTALL_PREFIX=/home/garai/Desktop/alerion_sim/install/alerion_sim
[0.315s] Invoking command in '/home/garai/Desktop/alerion_sim/build/alerion_sim': CMAKE_PREFIX_PATH=${CMAKE_PREFIX_PATH}:/opt/ros/jazzy DEBUGINFOD_URLS=https://debuginfod.ubuntu.com /usr/bin/cmake --build /home/garai/Desktop/alerion_sim/build/alerion_sim -- -j8 -l8
[0.347s] Invoked command in '/home/garai/Desktop/alerion_sim/build/alerion_sim' returned '0': CMAKE_PREFIX_PATH=${CMAKE_PREFIX_PATH}:/opt/ros/jazzy DEBUGINFOD_URLS=https://debuginfod.ubuntu.com /usr/bin/cmake --build /home/garai/Desktop/alerion_sim/build/alerion_sim -- -j8 -l8
[0.355s] Invoking command in '/home/garai/Desktop/alerion_sim/build/alerion_sim': CMAKE_PREFIX_PATH=${CMAKE_PREFIX_PATH}:/opt/ros/jazzy DEBUGINFOD_URLS=https://debuginfod.ubuntu.com /usr/bin/cmake --install /home/garai/Desktop/alerion_sim/build/alerion_sim
[0.362s] -- Install configuration: ""
[0.362s] -- Execute custom install script
[0.362s] -- Symlinking: /home/garai/Desktop/alerion_sim/install/alerion_sim/share/alerion_sim/launch/__pycache__/simulation.launch.cpython-312.pyc
[0.370s] -- Symlinking: /home/garai/Desktop/alerion_sim/install/alerion_sim/share/alerion_sim/launch/__pycache__/validation.launch.cpython-312.pyc
[0.377s] -- Up-to-date symlink: /home/garai/Desktop/alerion_sim/install/alerion_sim/share/alerion_sim/launch/simulation.launch.py
[0.377s] -- Up-to-date symlink: /home/garai/Desktop/alerion_sim/install/alerion_sim/share/alerion_sim/launch/validation.launch.py
[0.378s] -- Up-to-date symlink: /home/garai/Desktop/alerion_sim/install/alerion_sim/share/alerion_sim/config/levels/development.yaml
[0.378s] -- Up-to-date symlink: /home/garai/Desktop/alerion_sim/install/alerion_sim/share/alerion_sim/config/levels/full.yaml
[0.378s] -- Up-to-date symlink: /home/garai/Desktop/alerion_sim/install/alerion_sim/share/alerion_sim/config/levels/minimal.yaml
[0.378s] -- Up-to-date symlink: /home/garai/Desktop/alerion_sim/install/alerion_sim/share/alerion_sim/config/profiles/hard_vision.yaml
[0.378s] -- Up-to-date symlink: /home/garai/Desktop/alerion_sim/install/alerion_sim/share/alerion_sim/config/sensors/camera.yaml
[0.379s] -- Up-to-date symlink: /home/garai/Desktop/alerion_sim/install/alerion_sim/share/alerion_sim/config/sensors/lidar.yaml
[0.379s] -- Up-to-date symlink: /home/garai/Desktop/alerion_sim/install/alerion_sim/share/alerion_sim/config/simulation.yaml
[0.379s] -- Up-to-date symlink: /home/garai/Desktop/alerion_sim/install/alerion_sim/share/alerion_sim/config/validation.yaml
[0.379s] -- Up-to-date symlink: /home/garai/Desktop/alerion_sim/install/alerion_sim/share/alerion_sim/config/vehicle/x500.yaml
[0.379s] -- Up-to-date symlink: /home/garai/Desktop/alerion_sim/install/alerion_sim/share/alerion_sim/models/Warehouse/meshes/Asphalt010_1K_Color.jpg
[0.379s] -- Up-to-date symlink: /home/garai/Desktop/alerion_sim/install/alerion_sim/share/alerion_sim/models/Warehouse/meshes/Rough_Square_Concrete_Block.jpg
[0.379s] -- Up-to-date symlink: /home/garai/Desktop/alerion_sim/install/alerion_sim/share/alerion_sim/models/Warehouse/meshes/Tape001_1K_Color.png
[0.380s] -- Up-to-date symlink: /home/garai/Desktop/alerion_sim/install/alerion_sim/share/alerion_sim/models/Warehouse/meshes/Terrazzo005_1K_Color.jpg
[0.380s] -- Up-to-date symlink: /home/garai/Desktop/alerion_sim/install/alerion_sim/share/alerion_sim/models/Warehouse/meshes/ground.png
[0.380s] -- Up-to-date symlink: /home/garai/Desktop/alerion_sim/install/alerion_sim/share/alerion_sim/models/Warehouse/meshes/warehouse.dae
[0.380s] -- Up-to-date symlink: /home/garai/Desktop/alerion_sim/install/alerion_sim/share/alerion_sim/models/Warehouse/meshes/warehouse_colision.stl
[0.380s] -- Up-to-date symlink: /home/garai/Desktop/alerion_sim/install/alerion_sim/share/alerion_sim/models/Warehouse/model.config
[0.380s] -- Up-to-date symlink: /home/garai/Desktop/alerion_sim/install/alerion_sim/share/alerion_sim/models/Warehouse/model.sdf
[0.381s] -- Up-to-date symlink: /home/garai/Desktop/alerion_sim/install/alerion_sim/share/alerion_sim/models/Warehouse/thumbnails/1.png
[0.381s] -- Up-to-date symlink: /home/garai/Desktop/alerion_sim/install/alerion_sim/share/alerion_sim/models/Warehouse/thumbnails/2.png
[0.381s] -- Up-to-date symlink: /home/garai/Desktop/alerion_sim/install/alerion_sim/share/alerion_sim/models/Warehouse/thumbnails/3.png
[0.381s] -- Up-to-date symlink: /home/garai/Desktop/alerion_sim/install/alerion_sim/share/alerion_sim/models/Warehouse/thumbnails/4.png
[0.381s] -- Up-to-date symlink: /home/garai/Desktop/alerion_sim/install/alerion_sim/share/alerion_sim/models/x500_inspection/model.sdf.jinja
[0.381s] -- Up-to-date symlink: /home/garai/Desktop/alerion_sim/install/alerion_sim/share/alerion_sim/worlds/inspection.sdf.j2
[0.382s] -- Up-to-date symlink: /home/garai/Desktop/alerion_sim/install/alerion_sim/share/ament_index/resource_index/package_run_dependencies/alerion_sim
[0.382s] -- Up-to-date symlink: /home/garai/Desktop/alerion_sim/install/alerion_sim/share/ament_index/resource_index/parent_prefix_path/alerion_sim
[0.382s] -- Up-to-date symlink: /home/garai/Desktop/alerion_sim/install/alerion_sim/share/alerion_sim/environment/ament_prefix_path.sh
[0.382s] -- Up-to-date symlink: /home/garai/Desktop/alerion_sim/install/alerion_sim/share/alerion_sim/environment/ament_prefix_path.dsv
[0.382s] -- Up-to-date symlink: /home/garai/Desktop/alerion_sim/install/alerion_sim/share/alerion_sim/environment/path.sh
[0.382s] -- Up-to-date symlink: /home/garai/Desktop/alerion_sim/install/alerion_sim/share/alerion_sim/environment/path.dsv
[0.383s] -- Up-to-date symlink: /home/garai/Desktop/alerion_sim/install/alerion_sim/share/alerion_sim/local_setup.bash
[0.383s] -- Up-to-date symlink: /home/garai/Desktop/alerion_sim/install/alerion_sim/share/alerion_sim/local_setup.sh
[0.383s] -- Up-to-date symlink: /home/garai/Desktop/alerion_sim/install/alerion_sim/share/alerion_sim/local_setup.zsh
[0.383s] -- Up-to-date symlink: /home/garai/Desktop/alerion_sim/install/alerion_sim/share/alerion_sim/local_setup.dsv
[0.383s] -- Symlinking: /home/garai/Desktop/alerion_sim/install/alerion_sim/share/alerion_sim/package.dsv
[0.391s] -- Up-to-date symlink: /home/garai/Desktop/alerion_sim/install/alerion_sim/share/ament_index/resource_index/packages/alerion_sim
[0.391s] -- Up-to-date symlink: /home/garai/Desktop/alerion_sim/install/alerion_sim/share/alerion_sim/cmake/alerion_simConfig.cmake
[0.391s] -- Up-to-date symlink: /home/garai/Desktop/alerion_sim/install/alerion_sim/share/alerion_sim/cmake/alerion_simConfig-version.cmake
[0.391s] -- Up-to-date symlink: /home/garai/Desktop/alerion_sim/install/alerion_sim/share/alerion_sim/package.xml
[0.391s] -- Installing: /home/garai/Desktop/alerion_sim/install/alerion_sim/lib/alerion_sim/validation_node
[0.391s] -- Up-to-date: /home/garai/Desktop/alerion_sim/install/alerion_sim/lib/alerion_sim/gimbal_controller
[0.392s] -- Up-to-date: /home/garai/Desktop/alerion_sim/install/alerion_sim/lib/alerion_sim/wind_turbulence
[0.392s] -- Up-to-date: /home/garai/Desktop/alerion_sim/install/alerion_sim/lib/alerion_sim/camera_distortion
[0.393s] Invoked command in '/home/garai/Desktop/alerion_sim/build/alerion_sim' returned '0': CMAKE_PREFIX_PATH=${CMAKE_PREFIX_PATH}:/opt/ros/jazzy DEBUGINFOD_URLS=https://debuginfod.ubuntu.com /usr/bin/cmake --install /home/garai/Desktop/alerion_sim/build/alerion_sim
